Source file: progs.src
outputfile: ../progs.dat
compiling defs.qc
compiling dpextensions.qc
compiling subs.qc
compiling fight.qc
compiling ai.qc
compiling combat.qc
compiling items.qc
compiling weapons.qc
in function spike_touch (line 626),
weapons.qc:764: warning: rand duplicate definition ignored
weapons.qc:725:    rand  is defined here
weapons.qc:765: warning: Implicit conversion
compiling world.qc
compiling client.qc
compiling dropping.qc
compiling player.qc
compiling monsters.qc
compiling doors.qc
compiling buttons.qc
compiling triggers.qc
compiling plats.qc
compiling misc.qc
compiling ogre.qc
compiling demon.qc
compiling shambler.qc
compiling knight.qc
at global scope,
knight.qc:32: warning: Duplicate macro defined (attackb1)
compiling soldier.qc
compiling wizard.qc
compiling dog.qc
compiling zombie.qc
compiling boss.qc
compiling tarbaby.qc
compiling hknight.qc
compiling fish.qc
compiling shalrath.qc
compiling enforcer.qc
compiling oldone.qc
oldone.qc:29: warning: Duplicate macro defined (shake12)
Recognised progs as NetQuake server gamecode
Progs should run on any Quake executor
defs.qc:401: warning: empty_float  no references
defs.qc:417: warning: wad  no references
defs.qc:428: warning: light_lev  no references
defs.qc:501: warning: dest  no references
defs.qc:548: warning: waitmax  no references
defs.qc:549: warning: distance  no references
defs.qc:550: warning: volume  no references
dpextensions.qc:5: warning: disableclientprediction  no references
dpextensions.qc:39: warning: buttonchat  no references
dpextensions.qc:47: warning: buttonuse  no references
dpextensions.qc:200: warning: alpha  no references
dpextensions.qc:208: warning: colormod  no references
dpextensions.qc:233: warning: exteriormodeltoclient  no references
dpextensions.qc:241: warning: glow_color  no references
dpextensions.qc:242: warning: glow_size  no references
dpextensions.qc:243: warning: glow_trail  no references
dpextensions.qc:251: warning: glowmod  no references
dpextensions.qc:267: warning: scale  no references
dpextensions.qc:275: warning: viewmodelforclient  no references
dpextensions.qc:384: warning: tag_entity  no references
dpextensions.qc:385: warning: tag_index  no references
dpextensions.qc:453: warning: button3  no references
dpextensions.qc:454: warning: button4  no references
dpextensions.qc:455: warning: button5  no references
dpextensions.qc:456: warning: button6  no references
dpextensions.qc:457: warning: button7  no references
dpextensions.qc:458: warning: button8  no references
dpextensions.qc:558: warning: pitch_speed  no references
dpextensions.qc:790: warning: gettaginfo_parent  no references
dpextensions.qc:791: warning: gettaginfo_name  no references
dpextensions.qc:792: warning: gettaginfo_offset  no references
dpextensions.qc:793: warning: gettaginfo_forward  no references
dpextensions.qc:794: warning: gettaginfo_right  no references
dpextensions.qc:795: warning: gettaginfo_up  no references
dpextensions.qc:1202: warning: bouncefactor  no references
dpextensions.qc:1203: warning: bouncestop  no references
dpextensions.qc:1211: warning: clientcolors  no references
dpextensions.qc:1225: warning: customizeentityforclient  no references
dpextensions.qc:1242: warning: drawonlytoclient  no references
dpextensions.qc:1269: warning: contentstransition  no references
dpextensions.qc:1279: warning: movetypesteplandevent  no references
dpextensions.qc:1321: warning: modelflags  no references
dpextensions.qc:1349: warning: netaddress  no references
dpextensions.qc:1357: warning: nodrawtoclient  no references
dpextensions.qc:1365: warning: ping  no references
dpextensions.qc:1389: warning: punchvector  no references
dpextensions.qc:1397: warning: movement  no references
dpextensions.qc:1422: warning: worldstatus  no references
dpextensions.qc:1426: warning: clientstatus  no references
dpextensions.qc:1693: warning: dphitcontentsmask  no references
dpextensions.qc:1694: warning: trace_dpstartcontents  no references
dpextensions.qc:1695: warning: trace_dphitcontents  no references
dpextensions.qc:1696: warning: trace_dphitq3surfaceflags  no references
dpextensions.qc:1697: warning: trace_dphittexturename  no references
dpextensions.qc:1745: warning: viewzoom  no references
dpextensions.qc:2004: warning: playermodel  no references
dpextensions.qc:2005: warning: playerskin  no references
dpextensions.qc:2021: warning: cursor_active  no references
dpextensions.qc:2022: warning: cursor_screen  no references
dpextensions.qc:2023: warning: cursor_trace_start  no references
dpextensions.qc:2024: warning: cursor_trace_endpos  no references
dpextensions.qc:2025: warning: cursor_trace_ent  no references
dpextensions.qc:2040: warning: color  no references
dpextensions.qc:2042: warning: pflags  no references
fight.qc:298: warning: chance  no references
ai.qc:37: warning: current_yaw  no references
ai.qc:476: warning: mtemp  no references
ai.qc:679: warning: delta  no references
ai.qc:680: warning: axis  no references
ai.qc:681: warning: direct  no references
ai.qc:681: warning: ang_rint  no references
ai.qc:681: warning: ang_floor  no references
ai.qc:681: warning: ang_ceil  no references
items.qc:152: warning: amount  no references
items.qc:871: warning: stemp  no references
items.qc:872: warning: best  no references
items.qc:1007: warning: stemp  no references
items.qc:1008: warning: best  no references
items.qc:1080: warning: stemp  no references
items.qc:1081: warning: best  no references
weapons.qc:103: warning: mpuff  no references
weapons.qc:406: warning: mpuff  no references
weapons.qc:581: warning: mpuff  no references
weapons.qc:668: warning: old  no references
weapons.qc:691: warning: old  no references
weapons.qc:719: warning: hit_z  no references
weapons.qc:725: warning: rand  no references
weapons.qc:818: warning: rand  no references
world.qc:362: warning: e  no references
client.qc:295: warning: pos  no references
client.qc:704: warning: old_self  no references
client.qc:739: warning: start  no references
client.qc:739: warning: end  no references
client.qc:911: warning: mspeed  no references
client.qc:911: warning: aspeed  no references
client.qc:912: warning: r  no references
client.qc:1123: warning: mspeed  no references
client.qc:1123: warning: aspeed  no references
client.qc:1124: warning: r  no references
monsters.qc:51: warning: ent  no references
monsters.qc:51: warning: otemp  no references
monsters.qc:51: warning: stemp  no references
monsters.qc:71: warning: stemp  no references
monsters.qc:72: warning: etemp  no references
buttons.qc:88: warning: gtemp  no references
buttons.qc:88: warning: ftemp  no references
triggers.qc:2: warning: stemp  no references
triggers.qc:2: warning: otemp  no references
triggers.qc:2: warning: old  no references
triggers.qc:224: warning: junk  no references
plats.qc:150: warning: t  no references
misc.qc:460: warning: vtmp1  no references
misc.qc:460: warning: modi  no references
ogre.qc:92: warning: mpuff  no references
demon.qc:280: warning: vec  no references
dog.qc:306: warning: vec  no references
zombie.qc:164: warning: mpuff  no references
 97308 strofs (of 1000000)
 21120 numstatements (of 524288)
  2303 numfunctions (of 16384)
  4714 numglobaldefs (of 32768)
   299 numfielddefs (268 unique) (of 2048)
  4743 numpr_globals (of 65536)
Writing ../progs.dat
408440 TOTAL SIZE
Writing ../progs.lno
225 unique precache_sounds
 95 unique precache_models
104 unique precache_files
Compile Complete

optres_shortenifnots 122
optres_overlaptemps 7542
optres_constantarithmatic 20
optres_nonvec_parms 4006
optres_assignments 431
optres_unreferenced 172
optres_dupconstdefs 188
numtemps 123
121 warnings
